<html>
<head>
<title>TestNG:  Test</title>
<link href="../testng.css" rel="stylesheet" type="text/css" />
<link href="../my-testng.css" rel="stylesheet" type="text/css" />

<style type="text/css">
.log { display: none;} 
.stack-trace { display: none;} 
</style>
<script type="text/javascript">
<!--
function flip(e) {
  current = e.style.display;
  if (current == 'block') {
    e.style.display = 'none';
    return 0;
  }
  else {
    e.style.display = 'block';
    return 1;
  }
}

function toggleBox(szDivId, elem, msg1, msg2)
{
  var res = -1;  if (document.getElementById) {
    res = flip(document.getElementById(szDivId));
  }
  else if (document.all) {
    // this is the way old msie versions work
    res = flip(document.all[szDivId]);
  }
  if(elem) {
    if(res == 0) elem.innerHTML = msg1; else elem.innerHTML = msg2;
  }

}

function toggleAllBoxes() {
  if (document.getElementsByTagName) {
    d = document.getElementsByTagName('div');
    for (i = 0; i < d.length; i++) {
      if (d[i].className == 'log') {
        flip(d[i]);
      }
    }
  }
}

// -->
</script>

</head>
<body>
<h2 align='center'>Test</h2><table border='1' align="center">
<tr>
<td>Tests passed/Failed/Skipped:</td><td>9/2/0</td>
</tr><tr>
<td>Started on:</td><td>Sat Feb 20 21:41:34 BOT 2021</td>
</tr>
<tr><td>Total time:</td><td>80 seconds (80844 ms)</td>
</tr><tr>
<td>Included groups:</td><td></td>
</tr><tr>
<td>Excluded groups:</td><td></td>
</tr>
</table><p/>
<small><i>(Hover the method name to see the test class name)</i></small><p/>
<table width='100%' border='1' class='invocation-failed'>
<tr><td colspan='4' align='center'><b>FAILED TESTS</b></td></tr>
<tr><td><b>Test method</b></td>
<td width="30%"><b>Exception</b></td>
<td width="10%"><b>Time (seconds)</b></td>
<td><b>Instance</b></td>
</tr>
<tr>
<td title='com.mystore.qa.tests.AuthenticationPageTest.loginMyStoreApp()'><b>loginMyStoreApp</b><br>Test class: com.mystore.qa.tests.AuthenticationPageTest</td>
<td><div><pre>java.lang.NullPointerException
	at java.base/java.util.Objects.requireNonNull(Objects.java:208)
	at org.openqa.selenium.support.ui.FluentWait.&lt;init&gt;(FluentWait.java:106)
	at org.openqa.selenium.support.ui.WebDriverWait.&lt;init&gt;(WebDriverWait.java:85)
	at org.openqa.selenium.support.ui.WebDriverWait.&lt;init&gt;(WebDriverWait.java:45)
	at com.mystore.qa.factories.ExplicitWaitFactory.performExplicitWait(ExplicitWaitFactory.java:20)
	at com.mystore.qa.basePage.BasePage.doSendKeys(BasePage.java:34)
	at com.mystore.qa.pages.AuthenticationPage.doLogin(AuthenticationPage.java:18)
	at com.mystore.qa.tests.AuthenticationPageTest.loginMyStoreApp(AuthenticationPageTest.java:12)
	at java.base/java.util.concurrent.ThreadPoolExecutor.runWorker(ThreadPoolExecutor.java:1130)
	at java.base/java.util.concurrent.ThreadPoolExecutor$Worker.run(ThreadPoolExecutor.java:630)
	at java.base/java.lang.Thread.run(Thread.java:832)
... Removed 10 stack frames</pre></div><a href='#' onClick='toggleBox("stack-trace1909020118", this, "Click to show all stack frames", "Click to hide stack frames")'>Click to show all stack frames</a>
<div class='stack-trace' id='stack-trace1909020118'><pre>java.lang.NullPointerException
	at java.base/java.util.Objects.requireNonNull(Objects.java:208)
	at org.openqa.selenium.support.ui.FluentWait.&lt;init&gt;(FluentWait.java:106)
	at org.openqa.selenium.support.ui.WebDriverWait.&lt;init&gt;(WebDriverWait.java:85)
	at org.openqa.selenium.support.ui.WebDriverWait.&lt;init&gt;(WebDriverWait.java:45)
	at com.mystore.qa.factories.ExplicitWaitFactory.performExplicitWait(ExplicitWaitFactory.java:20)
	at com.mystore.qa.basePage.BasePage.doSendKeys(BasePage.java:34)
	at com.mystore.qa.pages.AuthenticationPage.doLogin(AuthenticationPage.java:18)
	at com.mystore.qa.tests.AuthenticationPageTest.loginMyStoreApp(AuthenticationPageTest.java:12)
	at java.base/jdk.internal.reflect.NativeMethodAccessorImpl.invoke0(Native Method)
	at java.base/jdk.internal.reflect.NativeMethodAccessorImpl.invoke(NativeMethodAccessorImpl.java:64)
	at java.base/jdk.internal.reflect.DelegatingMethodAccessorImpl.invoke(DelegatingMethodAccessorImpl.java:43)
	at java.base/java.lang.reflect.Method.invoke(Method.java:564)
	at org.testng.internal.MethodInvocationHelper.invokeMethod(MethodInvocationHelper.java:124)
	at org.testng.internal.Invoker.invokeMethod(Invoker.java:583)
	at org.testng.internal.Invoker.invokeTestMethod(Invoker.java:719)
	at org.testng.internal.Invoker.invokeTestMethods(Invoker.java:989)
	at org.testng.internal.TestMethodWorker.invokeTestMethods(TestMethodWorker.java:125)
	at org.testng.internal.TestMethodWorker.run(TestMethodWorker.java:109)
	at java.base/java.util.concurrent.ThreadPoolExecutor.runWorker(ThreadPoolExecutor.java:1130)
	at java.base/java.util.concurrent.ThreadPoolExecutor$Worker.run(ThreadPoolExecutor.java:630)
	at java.base/java.lang.Thread.run(Thread.java:832)
</pre></div></td>
<td>0</td>
<td>com.mystore.qa.tests.AuthenticationPageTest@479ceda0</td></tr>
<tr>
<td title='com.mystore.qa.tests.MyAccountPageTest.softAsserteUserAccount()'><b>softAsserteUserAccount</b><br>Test class: com.mystore.qa.tests.MyAccountPageTest</td>
<td><div><pre>java.lang.AssertionError: The following asserts failed:
	expected [Jhalinsn Acosta] but found [Jhalinson Acosta]
	at com.mystore.qa.tests.MyAccountPageTest.softAsserteUserAccount(MyAccountPageTest.java:32)
	at java.base/java.util.concurrent.ThreadPoolExecutor.runWorker(ThreadPoolExecutor.java:1130)
	at java.base/java.util.concurrent.ThreadPoolExecutor$Worker.run(ThreadPoolExecutor.java:630)
	at java.base/java.lang.Thread.run(Thread.java:832)
... Removed 11 stack frames</pre></div><a href='#' onClick='toggleBox("stack-trace1554934015", this, "Click to show all stack frames", "Click to hide stack frames")'>Click to show all stack frames</a>
<div class='stack-trace' id='stack-trace1554934015'><pre>java.lang.AssertionError: The following asserts failed:
	expected [Jhalinsn Acosta] but found [Jhalinson Acosta]
	at org.testng.asserts.SoftAssert.assertAll(SoftAssert.java:43)
	at com.mystore.qa.tests.MyAccountPageTest.softAsserteUserAccount(MyAccountPageTest.java:32)
	at java.base/jdk.internal.reflect.NativeMethodAccessorImpl.invoke0(Native Method)
	at java.base/jdk.internal.reflect.NativeMethodAccessorImpl.invoke(NativeMethodAccessorImpl.java:64)
	at java.base/jdk.internal.reflect.DelegatingMethodAccessorImpl.invoke(DelegatingMethodAccessorImpl.java:43)
	at java.base/java.lang.reflect.Method.invoke(Method.java:564)
	at org.testng.internal.MethodInvocationHelper.invokeMethod(MethodInvocationHelper.java:124)
	at org.testng.internal.Invoker.invokeMethod(Invoker.java:583)
	at org.testng.internal.Invoker.invokeTestMethod(Invoker.java:719)
	at org.testng.internal.Invoker.invokeTestMethods(Invoker.java:989)
	at org.testng.internal.TestMethodWorker.invokeTestMethods(TestMethodWorker.java:125)
	at org.testng.internal.TestMethodWorker.run(TestMethodWorker.java:109)
	at java.base/java.util.concurrent.ThreadPoolExecutor.runWorker(ThreadPoolExecutor.java:1130)
	at java.base/java.util.concurrent.ThreadPoolExecutor$Worker.run(ThreadPoolExecutor.java:630)
	at java.base/java.lang.Thread.run(Thread.java:832)
</pre></div></td>
<td>16</td>
<td>com.mystore.qa.tests.MyAccountPageTest@6d07a63d</td></tr>
</table><p>
<table width='100%' border='1' class='invocation-passed'>
<tr><td colspan='4' align='center'><b>PASSED TESTS</b></td></tr>
<tr><td><b>Test method</b></td>
<td width="30%"><b>Exception</b></td>
<td width="10%"><b>Time (seconds)</b></td>
<td><b>Instance</b></td>
</tr>
<tr>
<td title='com.mystore.qa.tests.OrderPageTest.addItemToShoppingCart()'><b>addItemToShoppingCart</b><br>Test class: com.mystore.qa.tests.OrderPageTest</td>
<td></td>
<td>21</td>
<td>com.mystore.qa.tests.OrderPageTest@20435c40</td></tr>
<tr>
<td title='com.mystore.qa.tests.MyStoreIndexPageTest.clickSignInLink()'><b>clickSignInLink</b><br>Test class: com.mystore.qa.tests.MyStoreIndexPageTest</td>
<td></td>
<td>1</td>
<td>com.mystore.qa.tests.MyStoreIndexPageTest@573906eb</td></tr>
<tr>
<td title='com.mystore.qa.tests.OrderPageTest.deleteItemFromShoppingCart()'><b>deleteItemFromShoppingCart</b><br>Test class: com.mystore.qa.tests.OrderPageTest</td>
<td></td>
<td>24</td>
<td>com.mystore.qa.tests.OrderPageTest@20435c40</td></tr>
<tr>
<td title='com.mystore.qa.tests.MyStoreIndexPageTest.searchInvalidProduct()'><b>searchInvalidProduct</b><br>Test class: com.mystore.qa.tests.MyStoreIndexPageTest</td>
<td></td>
<td>1</td>
<td>com.mystore.qa.tests.MyStoreIndexPageTest@573906eb</td></tr>
<tr>
<td title='com.mystore.qa.tests.MyStoreIndexPageTest.searchProduct()'><b>searchProduct</b><br>Test class: com.mystore.qa.tests.MyStoreIndexPageTest</td>
<td></td>
<td>1</td>
<td>com.mystore.qa.tests.MyStoreIndexPageTest@573906eb</td></tr>
<tr>
<td title='com.mystore.qa.tests.MyStoreIndexPageTest.validateMyStoreLogo()'><b>validateMyStoreLogo</b><br>Test class: com.mystore.qa.tests.MyStoreIndexPageTest</td>
<td></td>
<td>0</td>
<td>com.mystore.qa.tests.MyStoreIndexPageTest@573906eb</td></tr>
<tr>
<td title='com.mystore.qa.tests.MyStoreIndexPageTest.validateMyStoreTitle()'><b>validateMyStoreTitle</b><br>Test class: com.mystore.qa.tests.MyStoreIndexPageTest</td>
<td></td>
<td>2</td>
<td>com.mystore.qa.tests.MyStoreIndexPageTest@573906eb</td></tr>
<tr>
<td title='com.mystore.qa.tests.MyStoreIndexPageTest.validateStoreInformationFooter()'><b>validateStoreInformationFooter</b><br>Test class: com.mystore.qa.tests.MyStoreIndexPageTest</td>
<td></td>
<td>0</td>
<td>com.mystore.qa.tests.MyStoreIndexPageTest@573906eb</td></tr>
<tr>
<td title='com.mystore.qa.tests.MyAccountPageTest.validateUserAccount()'><b>validateUserAccount</b><br>Test class: com.mystore.qa.tests.MyAccountPageTest</td>
<td></td>
<td>15</td>
<td>com.mystore.qa.tests.MyAccountPageTest@6d07a63d</td></tr>
</table><p>
</body>
</html>