<?xml version="1.0" encoding="UTF-8"?>
<!-- Generated by org.testng.reporters.JUnitXMLReporter -->
<testsuite ignored="0" hostname="DESKTOP-C7NA17M" failures="2" tests="11" name="Test" time="80.844" errors="0" timestamp="21 Feb 2021 01:42:55 GMT">
  <testcase classname="com.mystore.qa.tests.AuthenticationPageTest" name="loginMyStoreApp" time="0.048">
    <failure type="java.lang.NullPointerException">
      <![CDATA[java.lang.NullPointerException
at java.base/java.util.Objects.requireNonNull(Objects.java:208)
at org.openqa.selenium.support.ui.FluentWait.<init>(FluentWait.java:106)
at org.openqa.selenium.support.ui.WebDriverWait.<init>(WebDriverWait.java:85)
at org.openqa.selenium.support.ui.WebDriverWait.<init>(WebDriverWait.java:45)
at com.mystore.qa.factories.ExplicitWaitFactory.performExplicitWait(ExplicitWaitFactory.java:20)
at com.mystore.qa.basePage.BasePage.doSendKeys(BasePage.java:34)
at com.mystore.qa.pages.AuthenticationPage.doLogin(AuthenticationPage.java:18)
at com.mystore.qa.tests.AuthenticationPageTest.loginMyStoreApp(AuthenticationPageTest.java:12)
at java.base/java.util.concurrent.ThreadPoolExecutor.runWorker(ThreadPoolExecutor.java:1130)
at java.base/java.util.concurrent.ThreadPoolExecutor$Worker.run(ThreadPoolExecutor.java:630)
at java.base/java.lang.Thread.run(Thread.java:832)
... Removed 10 stack frames]]>
    </failure>
  </testcase> <!-- loginMyStoreApp -->
  <testcase classname="com.mystore.qa.tests.MyStoreIndexPageTest" name="validateMyStoreTitle" time="2.01"/>
  <testcase classname="com.mystore.qa.tests.MyAccountPageTest" name="validateUserAccount" time="15.2"/>
  <testcase classname="com.mystore.qa.tests.MyAccountPageTest" name="softAsserteUserAccount" time="16.677">
    <failure type="java.lang.AssertionError" message="The following asserts failed:
	expected [Jhalinsn Acosta] but found [Jhalinson Acosta]">
      <![CDATA[java.lang.AssertionError: The following asserts failed:
expected [Jhalinsn Acosta] but found [Jhalinson Acosta]
at com.mystore.qa.tests.MyAccountPageTest.softAsserteUserAccount(MyAccountPageTest.java:32)
at java.base/java.util.concurrent.ThreadPoolExecutor.runWorker(ThreadPoolExecutor.java:1130)
at java.base/java.util.concurrent.ThreadPoolExecutor$Worker.run(ThreadPoolExecutor.java:630)
at java.base/java.lang.Thread.run(Thread.java:832)
... Removed 11 stack frames]]>
    </failure>
  </testcase> <!-- softAsserteUserAccount -->
  <testcase classname="com.mystore.qa.tests.OrderPageTest" name="addItemToShoppingCart" time="21.218"/>
  <testcase classname="com.mystore.qa.tests.OrderPageTest" name="deleteItemFromShoppingCart" time="24.977"/>
  <testcase classname="com.mystore.qa.tests.MyStoreIndexPageTest" name="validateMyStoreLogo" time="0.105"/>
  <testcase classname="com.mystore.qa.tests.MyStoreIndexPageTest" name="clickSignInLink" time="1.567"/>
  <testcase classname="com.mystore.qa.tests.MyStoreIndexPageTest" name="searchProduct" time="1.434"/>
  <testcase classname="com.mystore.qa.tests.MyStoreIndexPageTest" name="searchInvalidProduct" time="1.881"/>
  <testcase classname="com.mystore.qa.tests.MyStoreIndexPageTest" name="validateStoreInformationFooter" time="0.672"/>
</testsuite> <!-- Test -->
