<?xml version="1.0" encoding="UTF-8"?>
<!-- Generated by org.testng.reporters.JUnitReportReporter -->
<testsuite hostname="DESKTOP-C7NA17M" failures="1" tests="6" name="com.mystore.qa.tests.MyStoreIndexPageTest" time="54.452" errors="0" timestamp="21 Feb 2021 17:19:15 GMT" skipped="0">
  <testcase classname="com.mystore.qa.tests.MyStoreIndexPageTest" name="validateMyStoreTitle" time="9.255"/>
  <testcase classname="com.mystore.qa.tests.MyStoreIndexPageTest" name="validateMyStoreLogo" time="11.270"/>
  <testcase classname="com.mystore.qa.tests.MyStoreIndexPageTest" name="clickSignInLink" time="8.329"/>
  <testcase classname="com.mystore.qa.tests.MyStoreIndexPageTest" name="searchProduct" time="6.723"/>
  <testcase classname="com.mystore.qa.tests.MyStoreIndexPageTest" name="searchInvalidProduct" time="12.781">
    <failure message="expected [No results were found for your search &quot;Suit] but found [No results were found for your search &quot;Suit&quot;]" type="java.lang.AssertionError">
      <![CDATA[java.lang.AssertionError: expected [No results were found for your search "Suit] but found [No results were found for your search "Suit"]
at org.testng.Assert.fail(Assert.java:96)
at org.testng.Assert.failNotEquals(Assert.java:776)
at org.testng.Assert.assertEqualsImpl(Assert.java:137)
at org.testng.Assert.assertEquals(Assert.java:118)
at org.testng.Assert.assertEquals(Assert.java:453)
at org.testng.Assert.assertEquals(Assert.java:463)
at com.mystore.qa.tests.MyStoreIndexPageTest.searchInvalidProduct(MyStoreIndexPageTest.java:57)
at java.base/jdk.internal.reflect.NativeMethodAccessorImpl.invoke0(Native Method)
at java.base/jdk.internal.reflect.NativeMethodAccessorImpl.invoke(NativeMethodAccessorImpl.java:64)
at java.base/jdk.internal.reflect.DelegatingMethodAccessorImpl.invoke(DelegatingMethodAccessorImpl.java:43)
at java.base/java.lang.reflect.Method.invoke(Method.java:564)
at org.testng.internal.MethodInvocationHelper.invokeMethod(MethodInvocationHelper.java:124)
at org.testng.internal.Invoker.invokeMethod(Invoker.java:583)
at org.testng.internal.Invoker.invokeTestMethod(Invoker.java:719)
at org.testng.internal.Invoker.invokeTestMethods(Invoker.java:989)
at org.testng.internal.TestMethodWorker.invokeTestMethods(TestMethodWorker.java:125)
at org.testng.internal.TestMethodWorker.run(TestMethodWorker.java:109)
at java.base/java.util.concurrent.ThreadPoolExecutor.runWorker(ThreadPoolExecutor.java:1130)
at java.base/java.util.concurrent.ThreadPoolExecutor$Worker.run(ThreadPoolExecutor.java:630)
at java.base/java.lang.Thread.run(Thread.java:832)
]]>
    </failure>
  </testcase> <!-- searchInvalidProduct -->
  <testcase classname="com.mystore.qa.tests.MyStoreIndexPageTest" name="validateStoreInformationFooter" time="6.094"/>
</testsuite> <!-- com.mystore.qa.tests.MyStoreIndexPageTest -->
