<?xml version="1.0" encoding="UTF-8"?>
<!-- Generated by org.testng.reporters.JUnitReportReporter -->
<testsuite hostname="DESKTOP-C7NA17M" failures="1" tests="2" name="com.mystore.qa.tests.MyAccountPageTest" time="46.485" errors="0" timestamp="21 Feb 2021 17:19:15 GMT" skipped="0">
  <testcase classname="com.mystore.qa.tests.MyAccountPageTest" name="softAsserteUserAccount" time="24.292">
    <failure message="The following asserts failed:
	expected [Jhalinson Acost] but found [Jhalinson Acosta]" type="java.lang.AssertionError">
      <![CDATA[java.lang.AssertionError: The following asserts failed:
expected [Jhalinson Acost] but found [Jhalinson Acosta]
at org.testng.asserts.SoftAssert.assertAll(SoftAssert.java:43)
at com.mystore.qa.tests.MyAccountPageTest.softAsserteUserAccount(MyAccountPageTest.java:38)
at java.base/jdk.internal.reflect.NativeMethodAccessorImpl.invoke0(Native Method)
at java.base/jdk.internal.reflect.NativeMethodAccessorImpl.invoke(NativeMethodAccessorImpl.java:64)
at java.base/jdk.internal.reflect.DelegatingMethodAccessorImpl.invoke(DelegatingMethodAccessorImpl.java:43)
at java.base/java.lang.reflect.Method.invoke(Method.java:564)
at org.testng.internal.MethodInvocationHelper.invokeMethod(MethodInvocationHelper.java:124)
at org.testng.internal.Invoker.invokeMethod(Invoker.java:583)
at org.testng.internal.Invoker.invokeTestMethod(Invoker.java:719)
at org.testng.internal.Invoker.invokeTestMethods(Invoker.java:989)
at org.testng.internal.TestMethodWorker.invokeTestMethods(TestMethodWorker.java:125)
at org.testng.internal.TestMethodWorker.run(TestMethodWorker.java:109)
at java.base/java.util.concurrent.ThreadPoolExecutor.runWorker(ThreadPoolExecutor.java:1130)
at java.base/java.util.concurrent.ThreadPoolExecutor$Worker.run(ThreadPoolExecutor.java:630)
at java.base/java.lang.Thread.run(Thread.java:832)
]]>
    </failure>
  </testcase> <!-- softAsserteUserAccount -->
  <testcase classname="com.mystore.qa.tests.MyAccountPageTest" name="validateUserAccount" time="22.193"/>
</testsuite> <!-- com.mystore.qa.tests.MyAccountPageTest -->
