<?xml version="1.0" encoding="UTF-8"?>
<!-- Generated by org.testng.reporters.JUnitXMLReporter -->
<testsuite ignored="0" hostname="DESKTOP-C7NA17M" failures="4" tests="11" name="Test" time="90.106" errors="0" timestamp="21 Feb 2021 17:19:12 GMT">
  <testcase classname="com.mystore.qa.tests.AuthenticationPageTest" name="loginMyStoreApp" time="0.035">
    <failure type="java.lang.NullPointerException">
      <![CDATA[java.lang.NullPointerException
at java.base/java.util.Objects.requireNonNull(Objects.java:208)
at org.openqa.selenium.support.ui.FluentWait.<init>(FluentWait.java:106)
at org.openqa.selenium.support.ui.WebDriverWait.<init>(WebDriverWait.java:85)
at org.openqa.selenium.support.ui.WebDriverWait.<init>(WebDriverWait.java:45)
at com.mystore.qa.factories.ExplicitWaitFactory.performExplicitWait(ExplicitWaitFactory.java:17)
at com.mystore.qa.basePage.BasePage.doClick(BasePage.java:29)
at com.mystore.qa.pages.MyStoreIndexPage.doClickSignInLink(MyStoreIndexPage.java:34)
at com.mystore.qa.tests.AuthenticationPageTest.loginMyStoreApp(AuthenticationPageTest.java:14)
at java.base/java.util.concurrent.ThreadPoolExecutor.runWorker(ThreadPoolExecutor.java:1130)
at java.base/java.util.concurrent.ThreadPoolExecutor$Worker.run(ThreadPoolExecutor.java:630)
at java.base/java.lang.Thread.run(Thread.java:832)
... Removed 10 stack frames]]>
    </failure>
  </testcase> <!-- loginMyStoreApp -->
  <testcase classname="com.mystore.qa.tests.MyStoreIndexPageTest" name="validateMyStoreTitle" time="1.637"/>
  <testcase classname="com.mystore.qa.tests.MyAccountPageTest" name="validateUserAccount" time="10.15"/>
  <testcase classname="com.mystore.qa.tests.MyAccountPageTest" name="softAsserteUserAccount" time="11.99">
    <failure type="java.lang.AssertionError" message="The following asserts failed:
	expected [Jhalinson Acost] but found [Jhalinson Acosta]">
      <![CDATA[java.lang.AssertionError: The following asserts failed:
expected [Jhalinson Acost] but found [Jhalinson Acosta]
at com.mystore.qa.tests.MyAccountPageTest.softAsserteUserAccount(MyAccountPageTest.java:38)
at java.base/java.util.concurrent.ThreadPoolExecutor.runWorker(ThreadPoolExecutor.java:1130)
at java.base/java.util.concurrent.ThreadPoolExecutor$Worker.run(ThreadPoolExecutor.java:630)
at java.base/java.lang.Thread.run(Thread.java:832)
... Removed 11 stack frames]]>
    </failure>
  </testcase> <!-- softAsserteUserAccount -->
  <testcase classname="com.mystore.qa.tests.OrderPageTest" name="addItemToShoppingCart" time="17.778"/>
  <testcase classname="com.mystore.qa.tests.MyStoreIndexPageTest" name="validateMyStoreLogo" time="0.243"/>
  <testcase classname="com.mystore.qa.tests.OrderPageTest" name="deleteItemFromShoppingCart" time="18.248">
    <failure type="java.lang.AssertionError" message="expected [] but found [Your shopping cart is empty.]">
      <![CDATA[java.lang.AssertionError: expected [] but found [Your shopping cart is empty.]
at com.mystore.qa.tests.OrderPageTest.deleteItemFromShoppingCart(OrderPageTest.java:50)
at java.base/java.util.concurrent.ThreadPoolExecutor.runWorker(ThreadPoolExecutor.java:1130)
at java.base/java.util.concurrent.ThreadPoolExecutor$Worker.run(ThreadPoolExecutor.java:630)
at java.base/java.lang.Thread.run(Thread.java:832)
... Removed 16 stack frames]]>
    </failure>
  </testcase> <!-- deleteItemFromShoppingCart -->
  <testcase classname="com.mystore.qa.tests.MyStoreIndexPageTest" name="clickSignInLink" time="2.223"/>
  <testcase classname="com.mystore.qa.tests.MyStoreIndexPageTest" name="searchProduct" time="1.742"/>
  <testcase classname="com.mystore.qa.tests.MyStoreIndexPageTest" name="searchInvalidProduct" time="1.417">
    <failure type="java.lang.AssertionError" message="expected [No results were found for your search &amp;quot;Suit] but found [No results were found for your search &amp;quot;Suit&amp;quot;]">
      <![CDATA[java.lang.AssertionError: expected [No results were found for your search "Suit] but found [No results were found for your search "Suit"]
at com.mystore.qa.tests.MyStoreIndexPageTest.searchInvalidProduct(MyStoreIndexPageTest.java:57)
at java.base/java.util.concurrent.ThreadPoolExecutor.runWorker(ThreadPoolExecutor.java:1130)
at java.base/java.util.concurrent.ThreadPoolExecutor$Worker.run(ThreadPoolExecutor.java:630)
at java.base/java.lang.Thread.run(Thread.java:832)
... Removed 16 stack frames]]>
    </failure>
  </testcase> <!-- searchInvalidProduct -->
  <testcase classname="com.mystore.qa.tests.MyStoreIndexPageTest" name="validateStoreInformationFooter" time="0.985"/>
</testsuite> <!-- Test -->
